
<PModes xmlns="http://svev.msh.org/pmode">
    <PMode id="legal-delivery-template" isTemplate="true">
        <Agreement>agreement-value</Agreement>
        <MEP>http://www.oasis-open.org/committees/ebxml-msg/one-way</MEP>
        <MEPbinding>http://www.oasis-open.org/committees/ebxml-msg/push</MEPbinding>
        <Leg>
            <Protocol>
                <Address>http://someAddress:8080/msh-target</Address>
                <SOAPVersion>1.2</SOAPVersion>
            </Protocol>
            <BusinessInfo>
                <Service>Delivery_Service</Service>
                <Action>Delivery_Action</Action>
                <PayloadProfiles maxSize="10000000">
                    <PayloadProfile required="true"/>
                </PayloadProfiles>
                <MPC>http://docs.oasis-open.org/ebxml-msg/ebms/v3.0/ns/core/200704/defaultMPC</MPC>
            </BusinessInfo>
            <ErrorHandling>
                <Report>
                    <AsResponse>true</AsResponse>
                </Report>
            </ErrorHandling>
            <Security WSSVersion="1.1">
                <X509>
                    <Signature hashFunction="http://www.w3.org/2001/04/xmlenc#sha256" algorithm="http://www.w3.org/2001/04/xmldsig-more#rsa-sha512">
                        <Sign>
                            <Elements>
<XPath xpath="env:Body">
    <Namespace prefix="env" namespace="http://www.w3.org/2003/05/soap-envelope"/>
</XPath>
<XPath xpath="env:Header/eb3:Messaging">
    <Namespace prefix="eb3" namespace="http://docs.oasis-open.org/ebxml-msg/ebms/v3.0/ns/core/200704/"/>
    <Namespace prefix="env" namespace="http://www.w3.org/2003/05/soap-envelope"/>
</XPath>
                            </Elements>
                        </Sign>
                    </Signature>
                </X509>
                <SendReceipt sendReceipt="true" replyPattern="response"/>
            </Security>
        </Leg>
    </PMode>
    <PMode id="legal-delivery:e-box-a.si" isTemplate="true">
        <Agreement>www.sodisce.si</Agreement>
        <MEP>http://www.oasis-open.org/committees/ebxml-msg/one-way</MEP>
        <MEPbinding>http://www.oasis-open.org/committees/ebxml-msg/push</MEPbinding>
        <Initiator>
            <PartyId type="urn:oasis:names:tc:ebcore:partyid-type:unregistered:si-svev:provider:e-box">vrhovno.sodisce@e-sodisce.si</PartyId>
            <PartyId type="urn:oasis:names:tc:ebcore:partyid-type:unregistered:si-svev:provider:name">Testno Sodišče RS</PartyId>
            <Role>si-svev:sender</Role>
        </Initiator>
        <Responder>
            <PartyId type="urn:oasis:names:tc:ebcore:partyid-type:unregistered:si-svev:e-box">svev@e-predal.si</PartyId>
            <Role>si-svev:receiver</Role>
        </Responder>
        <Leg type="fore-channel">
            <Protocol>
                <Address connectionTimeout="120000" receiveTimeout="120000" chunked="true">http://localhost:8080/svev-msh-ws/ebms</Address>
                <SOAPVersion>1.2</SOAPVersion>
            </Protocol>
            <BusinessInfo>
                <Service>LegalDelivery</Service>
                <Action direction="out">DeliveryNotification</Action>
                <Action after="DeliveryNotification" direction="out">FictionNotification</Action>
                <Action after="DeliveryNotification" direction="in">AdviceOfDelivery</Action>
                <Action>Delivery_Action</Action>
                <PayloadProfiles maxSize="10000000" action="DeliveryNotification">
                    <PayloadProfile name="DeliveryNotification" MIME="application/pdf" required="true"/>
                    <PayloadProfile name="Content" required="true"/>
                </PayloadProfiles>
                <PayloadProfiles maxSize="10000000" action="AdviceOfDelivery">
                    <PayloadProfile name="AdviceOfDelivery" MIME="application/pdf" required="true"/>
                </PayloadProfiles>
                <PayloadProfiles maxSize="10000000" action="FictionNotification">
                    <PayloadProfile name="FictionNotification" MIME="application/pdf" required="true"/>
                </PayloadProfiles>
                <PayloadProfiles maxSize="10000000"/>
                <MPC>http://docs.oasis-open.org/ebxml-msg/ebms/v3.0/ns/core/200704/defaultMPC</MPC>
            </BusinessInfo>
            <Security WSSVersion="1.1">
                <X509>
                    <Signature>
                        <Certificate alias="msh.e-box-a.si"/>
                        <Sign signElements="true" signAttachments="true">
                            <Elements>
<XPath xpath="env:Body">
    <Namespace prefix="env" namespace="http://www.w3.org/2003/05/soap-envelope"/>
</XPath>
<XPath xpath="env:Header/eb3:Messaging">
    <Namespace prefix="eb3" namespace="http://docs.oasis-open.org/ebxml-msg/ebms/v3.0/ns/core/200704/"/>
    <Namespace prefix="env" namespace="http://www.w3.org/2003/05/soap-envelope"/>
</XPath>
                            </Elements>
                        </Sign>
                    </Signature>
                </X509>
            </Security>
        </Leg>
        <Leg type="back-channel">
            <Protocol>
                <Address>http://localhost:8080/svev-msh-ws/ebms</Address>
            </Protocol>
            <Security WSSVersion="1.1">
                <X509>
                    <Signature>
                        <Certificate alias="msh.e-box-a.si"/>
                    </Signature>
                </X509>
            </Security>
        </Leg>
        <ReceptionAwareness>
            <Retry maxRetries="5" multiplyPeriod="3" period="2000"/>
            <DuplicateDetection windowPeriode="P1Y"/>
        </ReceptionAwareness>
    </PMode>
    <PMode id="LegalDelivery_ZPP:e-box-a.si:e-box-a.si">
        <Agreement>www.sodisce.si</Agreement>
        <MEP>http://www.oasis-open.org/committees/ebxml-msg/one-way</MEP>
        <MEPbinding>http://www.oasis-open.org/committees/ebxml-msg/push</MEPbinding>
        <Initiator>
            <PartyId type="urn:oasis:names:tc:ebcore:partyid-type:unregistered:si-svev:provider:e-box">vrhovno.sodisce@e-sodisce.si</PartyId>
            <PartyId type="urn:oasis:names:tc:ebcore:partyid-type:unregistered:si-svev:provider:name">Testno Sodišče RS</PartyId>
            <Role>si-svev:sender</Role>
        </Initiator>
        <Responder>
            <PartyId type="urn:oasis:names:tc:ebcore:partyid-type:unregistered:si-svev:e-box">svev@e-predal.si</PartyId>
            <Role>si-svev:receiver</Role>
        </Responder>
        <Leg>
            <Protocol>
                <Address connectionTimeout="120000" receiveTimeout="120000" chunked="true">http://localhost:8080/svev-msh-ws/ebms</Address>
                <SOAPVersion>1.2</SOAPVersion>
            </Protocol>
            <BusinessInfo>
                <Service>LegalDelivery_ZPP</Service>
                <Action>DeliveryNotification</Action>
                <Action after="DeliveryNotification">FictionNotification</Action>
                <Action after="DeliveryNotification">AdviceOfDelivery</Action>
                <Action>Delivery_Action</Action>
                <PayloadProfiles maxSize="10000000" action="DeliveryNotification"/>
                <PayloadProfiles maxSize="10000000" action="AdviceOfDelivery"/>
                <PayloadProfiles maxSize="10000000" action="FictionNotification"/>
                <PayloadProfiles maxSize="10000000"/>
                <MPC>http://docs.oasis-open.org/ebxml-msg/ebms/v3.0/ns/core/200704/defaultMPC</MPC>
            </BusinessInfo>
            <Security>
                <X509>
                    <Signature>
                        <Certificate alias="msh.e-box-a.si"/>
                        <Sign signElements="true" signAttachments="true">
                            <Elements>
<XPath xpath="env:Body">
    <Namespace prefix="env" namespace="http://www.w3.org/2003/05/soap-envelope"/>
</XPath>
<XPath xpath="env:Header/eb3:Messaging">
    <Namespace prefix="eb3" namespace="http://docs.oasis-open.org/ebxml-msg/ebms/v3.0/ns/core/200704/"/>
    <Namespace prefix="env" namespace="http://www.w3.org/2003/05/soap-envelope"/>
</XPath>
                            </Elements>
                        </Sign>
                    </Signature>
                </X509>
            </Security>
        </Leg>
        <Leg>
            <Protocol>
                <Address connectionTimeout="120000" receiveTimeout="120000" chunked="true">http://localhost:8080/svev-msh-ws/ebms</Address>
            </Protocol>
            <Security>
                <X509>
                    <Signature>
                        <Certificate alias="msh.e-box-a.si"/>
                    </Signature>
                </X509>
            </Security>
        </Leg>
        <ReceptionAwareness>
            <Retry maxRetries="5" multiplyPeriod="3" period="2000"/>
            <DuplicateDetection windowPeriode="P1Y"/>
        </ReceptionAwareness>
    </PMode>
</PModes>
